# JRE version: Java(TM) SE Runtime Environment 18.9 (11.0.15+8) (build 11.0.15+8-LTS-149)
# Java VM: Java HotSpot(TM) 64-Bit Server VM 18.9 (11.0.15+8-LTS-149, mixed mode, tiered, compressed oops, g1 gc, windows-amd64)
Heap:
 garbage-first heap   total 238592K, used 168566K [0x0000000080000000, 0x0000000100000000)
  region size 1024K, 26 young (26624K), 3 survivors (3072K)
 Metaspace       used 111084K, capacity 114532K, committed 114760K, reserved 616448K
  class space    used 14383K, capacity 15753K, committed 15820K, reserved 516096K
GC Heap History (10 events):
Event: 56.001 GC heap before
{Heap before GC invocations=78 (full 0):
 garbage-first heap   total 196608K, used 155075K [0x0000000080000000, 0x0000000100000000)
  region size 1024K, 16 young (16384K), 1 survivors (1024K)
 Metaspace       used 109322K, capacity 112698K, committed 112968K, reserved 614400K
  class space    used 14128K, capacity 15460K, committed 15564K, reserved 516096K
}
Event: 56.007 GC heap after
{Heap after GC invocations=79 (full 0):
 garbage-first heap   total 196608K, used 142263K [0x0000000080000000, 0x0000000100000000)
  region size 1024K, 2 young (2048K), 2 survivors (2048K)
 Metaspace       used 109322K, capacity 112698K, committed 112968K, reserved 614400K
  class space    used 14128K, capacity 15460K, committed 15564K, reserved 516096K
}
Event: 56.905 GC heap before
{Heap before GC invocations=80 (full 0):
 garbage-first heap   total 196608K, used 158647K [0x0000000080000000, 0x0000000100000000)
  region size 1024K, 18 young (18432K), 2 survivors (2048K)
 Metaspace       used 110043K, capacity 113357K, committed 113480K, reserved 614400K
  class space    used 14217K, capacity 15513K, committed 15564K, reserved 516096K
}
Event: 56.909 GC heap after
{Heap after GC invocations=81 (full 0):
 garbage-first heap   total 196608K, used 142619K [0x0000000080000000, 0x0000000100000000)
  region size 1024K, 1 young (1024K), 1 survivors (1024K)
 Metaspace       used 110043K, capacity 113357K, committed 113480K, reserved 614400K
  class space    used 14217K, capacity 15513K, committed 15564K, reserved 516096K
}
Event: 57.157 GC heap before
{Heap before GC invocations=81 (full 0):
 garbage-first heap   total 196608K, used 157979K [0x0000000080000000, 0x0000000100000000)
  region size 1024K, 17 young (17408K), 1 survivors (1024K)
 Metaspace       used 110520K, capacity 113838K, committed 114120K, reserved 616448K
  class space    used 14302K, capacity 15609K, committed 15692K, reserved 516096K
}
Event: 57.160 GC heap after
{Heap after GC invocations=82 (full 0):
 garbage-first heap   total 196608K, used 143126K [0x0000000080000000, 0x0000000100000000)
  region size 1024K, 1 young (1024K), 1 survivors (1024K)
 Metaspace       used 110520K, capacity 113838K, committed 114120K, reserved 616448K
  class space    used 14302K, capacity 15609K, committed 15692K, reserved 516096K
}
Event: 57.710 GC heap before
{Heap before GC invocations=82 (full 0):
 garbage-first heap   total 196608K, used 160534K [0x0000000080000000, 0x0000000100000000)
  region size 1024K, 19 young (19456K), 1 survivors (1024K)
 Metaspace       used 110573K, capacity 113935K, committed 114120K, reserved 616448K
  class space    used 14308K, capacity 15641K, committed 15692K, reserved 516096K
}
Event: 57.722 GC heap after
{Heap after GC invocations=83 (full 0):
 garbage-first heap   total 196608K, used 144029K [0x0000000080000000, 0x0000000100000000)
  region size 1024K, 2 young (2048K), 2 survivors (2048K)
 Metaspace       used 110573K, capacity 113935K, committed 114120K, reserved 616448K
  class space    used 14308K, capacity 15641K, committed 15692K, reserved 516096K
}
Event: 58.063 GC heap before
{Heap before GC invocations=83 (full 0):
 garbage-first heap   total 196608K, used 161437K [0x0000000080000000, 0x0000000100000000)
  region size 1024K, 20 young (20480K), 2 survivors (2048K)
 Metaspace       used 110602K, capacity 113940K, committed 114120K, reserved 616448K
  class space    used 14309K, capacity 15642K, committed 15692K, reserved 516096K
}
Event: 58.071 GC heap after
{Heap after GC invocations=84 (full 0):
 garbage-first heap   total 238592K, used 145014K [0x0000000080000000, 0x0000000100000000)
  region size 1024K, 3 young (3072K), 3 survivors (3072K)
 Metaspace       used 110602K, capacity 113940K, committed 114120K, reserved 616448K
  class space    used 14309K, capacity 15642K, committed 15692K, reserved 516096K
}

