# JRE version: Java(TM) SE Runtime Environment 18.9 (11.0.15+8) (build 11.0.15+8-LTS-149)
# Java VM: Java HotSpot(TM) 64-Bit Server VM 18.9 (11.0.15+8-LTS-149, mixed mode, tiered, compressed oops, g1 gc, windows-amd64)
Heap:
 garbage-first heap   total 1160192K, used 452439K [0x0000000080000000, 0x0000000100000000)
  region size 1024K, 1 young (1024K), 1 survivors (1024K)
 Metaspace       used 172517K, capacity 178017K, committed 178092K, reserved 671744K
  class space    used 21786K, capacity 24024K, committed 24064K, reserved 516096K
GC Heap History (10 events):
Event: 5989.692 GC heap after
{Heap after GC invocations=135 (full 0):
 garbage-first heap   total 535552K, used 440326K [0x0000000080000000, 0x0000000100000000)
  region size 1024K, 5 young (5120K), 5 survivors (5120K)
 Metaspace       used 172330K, capacity 177759K, committed 178092K, reserved 671744K
  class space    used 21763K, capacity 23942K, committed 24064K, reserved 516096K
}
Event: 5989.834 GC heap before
{Heap before GC invocations=135 (full 0):
 garbage-first heap   total 535552K, used 475142K [0x0000000080000000, 0x0000000100000000)
  region size 1024K, 39 young (39936K), 5 survivors (5120K)
 Metaspace       used 172330K, capacity 177759K, committed 178092K, reserved 671744K
  class space    used 21763K, capacity 23942K, committed 24064K, reserved 516096K
}
Event: 5989.866 GC heap after
{Heap after GC invocations=136 (full 0):
 garbage-first heap   total 535552K, used 440465K [0x0000000080000000, 0x0000000100000000)
  region size 1024K, 3 young (3072K), 3 survivors (3072K)
 Metaspace       used 172330K, capacity 177759K, committed 178092K, reserved 671744K
  class space    used 21763K, capacity 23942K, committed 24064K, reserved 516096K
}
Event: 5990.064 GC heap before
{Heap before GC invocations=136 (full 0):
 garbage-first heap   total 535552K, used 476305K [0x0000000080000000, 0x0000000100000000)
  region size 1024K, 38 young (38912K), 3 survivors (3072K)
 Metaspace       used 172354K, capacity 177762K, committed 178092K, reserved 671744K
  class space    used 21763K, capacity 23942K, committed 24064K, reserved 516096K
}
Event: 5990.068 GC heap after
{Heap after GC invocations=137 (full 0):
 garbage-first heap   total 535552K, used 439811K [0x0000000080000000, 0x0000000100000000)
  region size 1024K, 2 young (2048K), 2 survivors (2048K)
 Metaspace       used 172354K, capacity 177762K, committed 178092K, reserved 671744K
  class space    used 21763K, capacity 23942K, committed 24064K, reserved 516096K
}
Event: 5991.296 GC heap before
{Heap before GC invocations=137 (full 0):
 garbage-first heap   total 535552K, used 480771K [0x0000000080000000, 0x0000000100000000)
  region size 1024K, 38 young (38912K), 2 survivors (2048K)
 Metaspace       used 172514K, capacity 178017K, committed 178092K, reserved 671744K
  class space    used 21786K, capacity 24024K, committed 24064K, reserved 516096K
}
Event: 5992.523 GC heap after
{Heap after GC invocations=138 (full 0):
 garbage-first heap   total 535552K, used 450658K [0x0000000080000000, 0x0000000100000000)
  region size 1024K, 5 young (5120K), 5 survivors (5120K)
 Metaspace       used 172514K, capacity 178017K, committed 178092K, reserved 671744K
  class space    used 21786K, capacity 24024K, committed 24064K, reserved 516096K
}
Event: 5992.583 GC heap before
{Heap before GC invocations=138 (full 0):
 garbage-first heap   total 535552K, used 472162K [0x0000000080000000, 0x0000000100000000)
  region size 1024K, 26 young (26624K), 5 survivors (5120K)
 Metaspace       used 172514K, capacity 178017K, committed 178092K, reserved 671744K
  class space    used 21786K, capacity 24024K, committed 24064K, reserved 516096K
}
Event: 5993.528 GC heap after
{Heap after GC invocations=139 (full 0):
 garbage-first heap   total 535552K, used 452966K [0x0000000080000000, 0x0000000100000000)
  region size 1024K, 2 young (2048K), 2 survivors (2048K)
 Metaspace       used 172514K, capacity 178017K, committed 178092K, reserved 671744K
  class space    used 21786K, capacity 24024K, committed 24064K, reserved 516096K
}
Event: 5993.709 GC heap before
{Heap before GC invocations=139 (full 0):
 garbage-first heap   total 535552K, used 477542K [0x0000000080000000, 0x0000000100000000)
  region size 1024K, 26 young (26624K), 2 survivors (2048K)
 Metaspace       used 172517K, capacity 178017K, committed 178092K, reserved 671744K
  class space    used 21786K, capacity 24024K, committed 24064K, reserved 516096K
}

