# JRE version: Java(TM) SE Runtime Environment 18.9 (11.0.15+8) (build 11.0.15+8-LTS-149)
# Java VM: Java HotSpot(TM) 64-Bit Server VM 18.9 (11.0.15+8-LTS-149, mixed mode, tiered, compressed oops, g1 gc, windows-amd64)
Heap:
 garbage-first heap   total 354304K, used 193184K [0x0000000080000000, 0x0000000100000000)
  region size 1024K, 2 young (2048K), 2 survivors (2048K)
 Metaspace       used 147554K, capacity 151757K, committed 151936K, reserved 649216K
  class space    used 18657K, capacity 20264K, committed 20352K, reserved 516096K
GC Heap History (10 events):
Event: 114.415 GC heap after
{Heap after GC invocations=129 (full 0):
 garbage-first heap   total 227328K, used 203709K [0x0000000080000000, 0x0000000100000000)
  region size 1024K, 2 young (2048K), 2 survivors (2048K)
 Metaspace       used 144775K, capacity 148931K, committed 149248K, reserved 647168K
  class space    used 18260K, capacity 19849K, committed 19968K, reserved 516096K
}
Event: 114.760 GC heap before
{Heap before GC invocations=129 (full 0):
 garbage-first heap   total 227328K, used 210877K [0x0000000080000000, 0x0000000100000000)
  region size 1024K, 11 young (11264K), 2 survivors (2048K)
 Metaspace       used 145672K, capacity 149838K, committed 150144K, reserved 647168K
  class space    used 18404K, capacity 19990K, committed 20096K, reserved 516096K
}
Event: 114.765 GC heap after
{Heap after GC invocations=130 (full 0):
 garbage-first heap   total 227328K, used 203193K [0x0000000080000000, 0x0000000100000000)
  region size 1024K, 2 young (2048K), 2 survivors (2048K)
 Metaspace       used 145672K, capacity 149838K, committed 150144K, reserved 647168K
  class space    used 18404K, capacity 19990K, committed 20096K, reserved 516096K
}
Event: 115.022 GC heap before
{Heap before GC invocations=131 (full 0):
 garbage-first heap   total 227328K, used 212409K [0x0000000080000000, 0x0000000100000000)
  region size 1024K, 11 young (11264K), 2 survivors (2048K)
 Metaspace       used 146630K, capacity 150836K, committed 151040K, reserved 647168K
  class space    used 18519K, capacity 20130K, committed 20224K, reserved 516096K
}
Event: 115.028 GC heap after
{Heap after GC invocations=132 (full 0):
 garbage-first heap   total 227328K, used 204297K [0x0000000080000000, 0x0000000100000000)
  region size 1024K, 2 young (2048K), 2 survivors (2048K)
 Metaspace       used 146630K, capacity 150836K, committed 151040K, reserved 647168K
  class space    used 18519K, capacity 20130K, committed 20224K, reserved 516096K
}
Event: 115.386 GC heap before
{Heap before GC invocations=132 (full 0):
 garbage-first heap   total 227328K, used 213513K [0x0000000080000000, 0x0000000100000000)
  region size 1024K, 11 young (11264K), 2 survivors (2048K)
 Metaspace       used 147240K, capacity 151462K, committed 151552K, reserved 649216K
  class space    used 18604K, capacity 20208K, committed 20224K, reserved 516096K
}
Event: 115.406 GC heap after
{Heap after GC invocations=133 (full 0):
 garbage-first heap   total 227328K, used 188650K [0x0000000080000000, 0x0000000100000000)
  region size 1024K, 2 young (2048K), 2 survivors (2048K)
 Metaspace       used 147240K, capacity 151462K, committed 151552K, reserved 649216K
  class space    used 18604K, capacity 20208K, committed 20224K, reserved 516096K
}
Event: 115.472 GC heap before
{Heap before GC invocations=133 (full 0):
 garbage-first heap   total 227328K, used 197866K [0x0000000080000000, 0x0000000100000000)
  region size 1024K, 11 young (11264K), 2 survivors (2048K)
 Metaspace       used 147312K, capacity 151560K, committed 151680K, reserved 649216K
  class space    used 18613K, capacity 20240K, committed 20352K, reserved 516096K
}
Event: 115.484 GC heap after
{Heap after GC invocations=134 (full 0):
 garbage-first heap   total 227328K, used 190747K [0x0000000080000000, 0x0000000100000000)
  region size 1024K, 2 young (2048K), 2 survivors (2048K)
 Metaspace       used 147312K, capacity 151560K, committed 151680K, reserved 649216K
  class space    used 18613K, capacity 20240K, committed 20352K, reserved 516096K
}
Event: 115.615 GC heap before
{Heap before GC invocations=134 (full 0):
 garbage-first heap   total 227328K, used 199963K [0x0000000080000000, 0x0000000100000000)
  region size 1024K, 11 young (11264K), 2 survivors (2048K)
 Metaspace       used 147554K, capacity 151757K, committed 151936K, reserved 649216K
  class space    used 18657K, capacity 20264K, committed 20352K, reserved 516096K
}

